[  231133ms] [INFO] %cDownload the React DevTools for a better development experience: https://react.dev/link/react-devtools font-weight:bold @ http://localhost:3001/_next/static/chunks/node_modules_next_dist_1ybzpk2._.js:2477
[  231171ms] [LOG] [HMR] connected @ http://localhost:3001/_next/static/chunks/node_modules_next_dist_1ybzpk2._.js:2477
[ 1699927ms] [LOG] [Fast Refresh] rebuilding @ http://localhost:3001/_next/static/chunks/node_modules_next_dist_1ybzpk2._.js:2477
[ 1699960ms] [LOG] [Fast Refresh] done in 140ms @ http://localhost:3001/_next/static/chunks/node_modules_next_dist_1ybzpk2._.js:2477
[ 1701015ms] [LOG] [Fast Refresh] rebuilding @ http://localhost:3001/_next/static/chunks/node_modules_next_dist_1ybzpk2._.js:2477
[ 1701077ms] [LOG] [Fast Refresh] done in 169ms @ http://localhost:3001/_next/static/chunks/node_modules_next_dist_1ybzpk2._.js:2477
[ 1701311ms] [LOG] [Fast Refresh] rebuilding @ http://localhost:3001/_next/static/chunks/node_modules_next_dist_1ybzpk2._.js:2477
[ 1701422ms] [LOG] [Fast Refresh] done in 225ms @ http://localhost:3001/_next/static/chunks/node_modules_next_dist_1ybzpk2._.js:2477
[ 1701608ms] [LOG] [Fast Refresh] rebuilding @ http://localhost:3001/_next/static/chunks/node_modules_next_dist_1ybzpk2._.js:2477
[ 1701624ms] [LOG] [Fast Refresh] done in 124ms @ http://localhost:3001/_next/static/chunks/node_modules_next_dist_1ybzpk2._.js:2477
[ 1701749ms] [LOG] [Fast Refresh] rebuilding @ http://localhost:3001/_next/static/chunks/node_modules_next_dist_1ybzpk2._.js:2477
[ 1701765ms] [LOG] [Fast Refresh] done in 124ms @ http://localhost:3001/_next/static/chunks/node_modules_next_dist_1ybzpk2._.js:2477
[ 1701889ms] [LOG] [Fast Refresh] rebuilding @ http://localhost:3001/_next/static/chunks/node_modules_next_dist_1ybzpk2._.js:2477
[ 1701905ms] [LOG] [Fast Refresh] done in 125ms @ http://localhost:3001/_next/static/chunks/node_modules_next_dist_1ybzpk2._.js:2477
[ 1703026ms] [LOG] [Fast Refresh] rebuilding @ http://localhost:3001/_next/static/chunks/node_modules_next_dist_1ybzpk2._.js:2477
[ 1703027ms] [LOG] [Fast Refresh] done in 107ms @ http://localhost:3001/_next/static/chunks/node_modules_next_dist_1ybzpk2._.js:2477
[ 1711866ms] [LOG] [Fast Refresh] rebuilding @ http://localhost:3001/_next/static/chunks/node_modules_next_dist_1ybzpk2._.js:2477
[ 1711898ms] [LOG] [Fast Refresh] done in 140ms @ http://localhost:3001/_next/static/chunks/node_modules_next_dist_1ybzpk2._.js:2477
[ 1712132ms] [LOG] [Fast Refresh] rebuilding @ http://localhost:3001/_next/static/chunks/node_modules_next_dist_1ybzpk2._.js:2477
[ 1712337ms] [LOG] [Fast Refresh] done in 312ms @ http://localhost:3001/_next/static/chunks/node_modules_next_dist_1ybzpk2._.js:2477
[ 1712445ms] [LOG] [Fast Refresh] rebuilding @ http://localhost:3001/_next/static/chunks/node_modules_next_dist_1ybzpk2._.js:2477
[ 1712475ms] [LOG] [Fast Refresh] done in 138ms @ http://localhost:3001/_next/static/chunks/node_modules_next_dist_1ybzpk2._.js:2477
[ 1712814ms] [LOG] [Fast Refresh] rebuilding @ http://localhost:3001/_next/static/chunks/node_modules_next_dist_1ybzpk2._.js:2477
[ 1712845ms] [LOG] [Fast Refresh] done in 139ms @ http://localhost:3001/_next/static/chunks/node_modules_next_dist_1ybzpk2._.js:2477
[ 1714534ms] [LOG] [Fast Refresh] rebuilding @ http://localhost:3001/_next/static/chunks/node_modules_next_dist_1ybzpk2._.js:2477
[ 1714581ms] [LOG] [Fast Refresh] done in 154ms @ http://localhost:3001/_next/static/chunks/node_modules_next_dist_1ybzpk2._.js:2477
[ 1714814ms] [LOG] [Fast Refresh] rebuilding @ http://localhost:3001/_next/static/chunks/node_modules_next_dist_1ybzpk2._.js:2477
[ 1714815ms] [LOG] [Fast Refresh] done in 108ms @ http://localhost:3001/_next/static/chunks/node_modules_next_dist_1ybzpk2._.js:2477
[ 1716788ms] [LOG] [Fast Refresh] rebuilding @ http://localhost:3001/_next/static/chunks/node_modules_next_dist_1ybzpk2._.js:2477
[ 1716820ms] [LOG] [Fast Refresh] done in 139ms @ http://localhost:3001/_next/static/chunks/node_modules_next_dist_1ybzpk2._.js:2477
[ 1716959ms] [LOG] [Fast Refresh] rebuilding @ http://localhost:3001/_next/static/chunks/node_modules_next_dist_1ybzpk2._.js:2477
[ 1716974ms] [LOG] [Fast Refresh] done in 124ms @ http://localhost:3001/_next/static/chunks/node_modules_next_dist_1ybzpk2._.js:2477
[ 1721165ms] [LOG] [Fast Refresh] rebuilding @ http://localhost:3001/_next/static/chunks/node_modules_next_dist_1ybzpk2._.js:2477
[ 1721182ms] [LOG] [Fast Refresh] done in 124ms @ http://localhost:3001/_next/static/chunks/node_modules_next_dist_1ybzpk2._.js:2477
[ 1869390ms] [LOG] [Fast Refresh] rebuilding @ http://localhost:3001/_next/static/chunks/node_modules_next_dist_1ybzpk2._.js:2477
[ 1869422ms] [LOG] [Fast Refresh] done in 140ms @ http://localhost:3001/_next/static/chunks/node_modules_next_dist_1ybzpk2._.js:2477
[ 1871825ms] [LOG] [Fast Refresh] rebuilding @ http://localhost:3001/_next/static/chunks/node_modules_next_dist_1ybzpk2._.js:2477
[ 1871857ms] [LOG] [Fast Refresh] done in 138ms @ http://localhost:3001/_next/static/chunks/node_modules_next_dist_1ybzpk2._.js:2477
[ 1872120ms] [LOG] [Fast Refresh] rebuilding @ http://localhost:3001/_next/static/chunks/node_modules_next_dist_1ybzpk2._.js:2477
[ 1872120ms] [LOG] [Fast Refresh] done in 103ms @ http://localhost:3001/_next/static/chunks/node_modules_next_dist_1ybzpk2._.js:2477
[ 1892227ms] [LOG] [Fast Refresh] rebuilding @ http://localhost:3001/_next/static/chunks/node_modules_next_dist_1ybzpk2._.js:2477
[ 1892373ms] [LOG] [Fast Refresh] done in 44ms @ http://localhost:3001/_next/static/chunks/node_modules_next_dist_1ybzpk2._.js:2477
[ 1892486ms] [LOG] [Fast Refresh] rebuilding @ http://localhost:3001/_next/static/chunks/node_modules_next_dist_1ybzpk2._.js:2477
[ 1892497ms] [LOG] [Fast Refresh] done in 114ms @ http://localhost:3001/_next/static/chunks/node_modules_next_dist_1ybzpk2._.js:2477
[ 1892674ms] [LOG] [Fast Refresh] rebuilding @ http://localhost:3001/_next/static/chunks/node_modules_next_dist_1ybzpk2._.js:2477
[ 1892692ms] [LOG] [Fast Refresh] done in 124ms @ http://localhost:3001/_next/static/chunks/node_modules_next_dist_1ybzpk2._.js:2477
[ 1892794ms] [LOG] [Fast Refresh] rebuilding @ http://localhost:3001/_next/static/chunks/node_modules_next_dist_1ybzpk2._.js:2477
[ 1892799ms] [LOG] [Fast Refresh] done in 106ms @ http://localhost:3001/_next/static/chunks/node_modules_next_dist_1ybzpk2._.js:2477
[ 1899004ms] [LOG] [Fast Refresh] rebuilding @ http://localhost:3001/_next/static/chunks/node_modules_next_dist_1ybzpk2._.js:2477
[ 1899051ms] [LOG] [Fast Refresh] done in 151ms @ http://localhost:3001/_next/static/chunks/node_modules_next_dist_1ybzpk2._.js:2477
[ 1928650ms] [LOG] [Fast Refresh] rebuilding @ http://localhost:3001/_next/static/chunks/node_modules_next_dist_1ybzpk2._.js:2477
[ 1928695ms] [LOG] [Fast Refresh] done in 98ms @ http://localhost:3001/_next/static/chunks/node_modules_next_dist_1ybzpk2._.js:2477
[ 1928801ms] [LOG] [Fast Refresh] rebuilding @ http://localhost:3001/_next/static/chunks/node_modules_next_dist_1ybzpk2._.js:2477
[ 1928859ms] [LOG] [Fast Refresh] done in 163ms @ http://localhost:3001/_next/static/chunks/node_modules_next_dist_1ybzpk2._.js:2477
[ 1946663ms] [LOG] [Fast Refresh] rebuilding @ http://localhost:3001/_next/static/chunks/node_modules_next_dist_1ybzpk2._.js:2477
[ 1946825ms] [LOG] [Fast Refresh] done in 56ms @ http://localhost:3001/_next/static/chunks/node_modules_next_dist_1ybzpk2._.js:2477
[ 2063391ms] [LOG] [Fast Refresh] rebuilding @ http://localhost:3001/_next/static/chunks/node_modules_next_dist_1ybzpk2._.js:2477
[ 2063537ms] [LOG] [Fast Refresh] done in 60ms @ http://localhost:3001/_next/static/chunks/node_modules_next_dist_1ybzpk2._.js:2477
[ 2097372ms] [LOG] [Fast Refresh] rebuilding @ http://localhost:3001/_next/static/chunks/node_modules_next_dist_1ybzpk2._.js:2477
[ 2097527ms] [LOG] [Fast Refresh] done in 60ms @ http://localhost:3001/_next/static/chunks/node_modules_next_dist_1ybzpk2._.js:2477
[ 2152178ms] [LOG] [Fast Refresh] rebuilding @ http://localhost:3001/_next/static/chunks/node_modules_next_dist_1ybzpk2._.js:2477
[ 2152287ms] [LOG] [Fast Refresh] done in 53ms @ http://localhost:3001/_next/static/chunks/node_modules_next_dist_1ybzpk2._.js:2477
[ 2183186ms] [LOG] [Fast Refresh] rebuilding @ http://localhost:3001/_next/static/chunks/node_modules_next_dist_1ybzpk2._.js:2477
[ 2183331ms] [LOG] [Fast Refresh] done in 48ms @ http://localhost:3001/_next/static/chunks/node_modules_next_dist_1ybzpk2._.js:2477
[ 2183415ms] [LOG] [Fast Refresh] rebuilding @ http://localhost:3001/_next/static/chunks/node_modules_next_dist_1ybzpk2._.js:2477
[ 2183422ms] [LOG] [Fast Refresh] done in 66ms @ http://localhost:3001/_next/static/chunks/node_modules_next_dist_1ybzpk2._.js:2477
[ 2183527ms] [LOG] [Fast Refresh] rebuilding @ http://localhost:3001/_next/static/chunks/node_modules_next_dist_1ybzpk2._.js:2477
[ 2183700ms] [ERROR] Failed to load resource: the server responded with a status of 503 (Service Unavailable) @ http://localhost:3001/api/stats:0
[ 2183702ms] [LOG] [Fast Refresh] done in 280ms @ http://localhost:3001/_next/static/chunks/node_modules_next_dist_1ybzpk2._.js:2477
[ 2183804ms] [LOG] [Fast Refresh] rebuilding @ http://localhost:3001/_next/static/chunks/node_modules_next_dist_1ybzpk2._.js:2477
[ 2183851ms] [LOG] [Fast Refresh] done in 147ms @ http://localhost:3001/_next/static/chunks/node_modules_next_dist_1ybzpk2._.js:2477
[ 2184116ms] [LOG] [Fast Refresh] rebuilding @ http://localhost:3001/_next/static/chunks/node_modules_next_dist_1ybzpk2._.js:2477
[ 2184117ms] [LOG] [Fast Refresh] done in 112ms @ http://localhost:3001/_next/static/chunks/node_modules_next_dist_1ybzpk2._.js:2477
[ 2210537ms] [LOG] [Fast Refresh] rebuilding @ http://localhost:3001/_next/static/chunks/node_modules_next_dist_1ybzpk2._.js:2477
[ 2210560ms] [LOG] [Fast Refresh] done in 55ms @ http://localhost:3001/_next/static/chunks/node_modules_next_dist_1ybzpk2._.js:2477
[ 2483258ms] [ERROR] Failed to load resource: the server responded with a status of 503 (Service Unavailable) @ http://localhost:3001/api/stats:0
[ 2557954ms] [LOG] [Fast Refresh] rebuilding @ http://localhost:3001/_next/static/chunks/node_modules_next_dist_1ybzpk2._.js:2477
[ 2557955ms] [LOG] [Fast Refresh] done in 107ms @ http://localhost:3001/_next/static/chunks/node_modules_next_dist_1ybzpk2._.js:2477
[ 2601367ms] [LOG] [Fast Refresh] rebuilding @ http://localhost:3001/_next/static/chunks/node_modules_next_dist_1ybzpk2._.js:2477
[ 2601454ms] [ERROR] ./proxy.ts
Proxy is missing expected function export name
This function is what Next.js runs for every request handled by this proxy (previously called middleware).

Why this happens:
- You are migrating from `middleware` to `proxy`, but haven't updated the exported function.
- The file exists but doesn't export a function.
- The export is not a function (e.g., an object or constant).
- There's a syntax error preventing the export from being recognized.

To fix it:
- Ensure this file has either a default or "proxy" function export.

Learn more: https://nextjs.org/docs/messages/middleware-to-proxy @ http://localhost:3001/_next/static/chunks/node_modules_next_dist_1ybzpk2._.js:3318
[ 2601483ms] [LOG] [Fast Refresh] rebuilding @ http://localhost:3001/_next/static/chunks/node_modules_next_dist_1ybzpk2._.js:2477
[ 2601555ms] [ERROR] ./proxy.ts
Proxy is missing expected function export name
This function is what Next.js runs for every request handled by this proxy (previously called middleware).

Why this happens:
- You are migrating from `middleware` to `proxy`, but haven't updated the exported function.
- The file exists but doesn't export a function.
- The export is not a function (e.g., an object or constant).
- There's a syntax error preventing the export from being recognized.

To fix it:
- Ensure this file has either a default or "proxy" function export.

Learn more: https://nextjs.org/docs/messages/middleware-to-proxy @ http://localhost:3001/_next/static/chunks/node_modules_next_dist_1ybzpk2._.js:3318
[ 2601578ms] [ERROR] ./proxy.ts
Proxy is missing expected function export name
This function is what Next.js runs for every request handled by this proxy (previously called middleware).

Why this happens:
- You are migrating from `middleware` to `proxy`, but haven't updated the exported function.
- The file exists but doesn't export a function.
- The export is not a function (e.g., an object or constant).
- There's a syntax error preventing the export from being recognized.

To fix it:
- Ensure this file has either a default or "proxy" function export.

Learn more: https://nextjs.org/docs/messages/middleware-to-proxy @ http://localhost:3001/_next/static/chunks/node_modules_next_dist_1ybzpk2._.js:3318
[ 2601668ms] [LOG] [Fast Refresh] rebuilding @ http://localhost:3001/_next/static/chunks/node_modules_next_dist_1ybzpk2._.js:2477
[ 2602159ms] [LOG] [Fast Refresh] done in 573ms @ http://localhost:3001/_next/static/chunks/node_modules_next_dist_1ybzpk2._.js:2477
[ 2602319ms] [LOG] [Fast Refresh] rebuilding @ http://localhost:3001/_next/static/chunks/node_modules_next_dist_1ybzpk2._.js:2477
[ 2602697ms] [LOG] [Fast Refresh] done in 487ms @ http://localhost:3001/_next/static/chunks/node_modules_next_dist_1ybzpk2._.js:2477
[ 2602698ms] [ERROR] Failed to load resource: the server responded with a status of 500 (Internal Server Error) @ http://localhost:3001/?_rsc=q3mOO9BClNZHexY7#top:0
[ 2602800ms] [LOG] [Fast Refresh] rebuilding @ http://localhost:3001/_next/static/chunks/node_modules_next_dist_1ybzpk2._.js:2477
[ 2603087ms] [LOG] [Fast Refresh] done in 389ms @ http://localhost:3001/_next/static/chunks/node_modules_next_dist_1ybzpk2._.js:2477
[ 2603187ms] [LOG] [Fast Refresh] rebuilding @ http://localhost:3001/_next/static/chunks/node_modules_next_dist_1ybzpk2._.js:2477
[ 2603255ms] [LOG] [Fast Refresh] done in 169ms @ http://localhost:3001/_next/static/chunks/node_modules_next_dist_1ybzpk2._.js:2477
[ 2603566ms] [LOG] [Fast Refresh] rebuilding @ http://localhost:3001/_next/static/chunks/node_modules_next_dist_1ybzpk2._.js:2477
[ 2603604ms] [LOG] [Fast Refresh] done in 142ms @ http://localhost:3001/_next/static/chunks/node_modules_next_dist_1ybzpk2._.js:2477
[ 2603886ms] [LOG] [Fast Refresh] rebuilding @ http://localhost:3001/_next/static/chunks/node_modules_next_dist_1ybzpk2._.js:2477
[ 2603913ms] [LOG] [Fast Refresh] done in 137ms @ http://localhost:3001/_next/static/chunks/node_modules_next_dist_1ybzpk2._.js:2477
[ 2604087ms] [LOG] [Fast Refresh] rebuilding @ http://localhost:3001/_next/static/chunks/node_modules_next_dist_1ybzpk2._.js:2477
[ 2604220ms] [LOG] [Fast Refresh] done in 233ms @ http://localhost:3001/_next/static/chunks/node_modules_next_dist_1ybzpk2._.js:2477
[ 2604373ms] [LOG] [Fast Refresh] rebuilding @ http://localhost:3001/_next/static/chunks/node_modules_next_dist_1ybzpk2._.js:2477
[ 2604388ms] [LOG] [Fast Refresh] done in 116ms @ http://localhost:3001/_next/static/chunks/node_modules_next_dist_1ybzpk2._.js:2477
[ 2604490ms] [LOG] [Fast Refresh] rebuilding @ http://localhost:3001/_next/static/chunks/node_modules_next_dist_1ybzpk2._.js:2477
[ 2604530ms] [LOG] [Fast Refresh] done in 141ms @ http://localhost:3001/_next/static/chunks/node_modules_next_dist_1ybzpk2._.js:2477
[ 2604962ms] [LOG] [Fast Refresh] rebuilding @ http://localhost:3001/_next/static/chunks/node_modules_next_dist_1ybzpk2._.js:2477
[ 2605074ms] [LOG] [Fast Refresh] done in 212ms @ http://localhost:3001/_next/static/chunks/node_modules_next_dist_1ybzpk2._.js:2477
[ 2605251ms] [LOG] [Fast Refresh] rebuilding @ http://localhost:3001/_next/static/chunks/node_modules_next_dist_1ybzpk2._.js:2477
[ 2605396ms] [LOG] [Fast Refresh] done in 246ms @ http://localhost:3001/_next/static/chunks/node_modules_next_dist_1ybzpk2._.js:2477
[ 2605624ms] [LOG] [Fast Refresh] rebuilding @ http://localhost:3001/_next/static/chunks/node_modules_next_dist_1ybzpk2._.js:2477
[ 2605815ms] [LOG] [Fast Refresh] done in 298ms @ http://localhost:3001/_next/static/chunks/node_modules_next_dist_1ybzpk2._.js:2477
[ 2606715ms] [LOG] [Fast Refresh] rebuilding @ http://localhost:3001/_next/static/chunks/node_modules_next_dist_1ybzpk2._.js:2477
[ 2606751ms] [LOG] [Fast Refresh] done in 140ms @ http://localhost:3001/_next/static/chunks/node_modules_next_dist_1ybzpk2._.js:2477
[ 2609056ms] [LOG] [Fast Refresh] rebuilding @ http://localhost:3001/_next/static/chunks/node_modules_next_dist_1ybzpk2._.js:2477
[ 2609072ms] [LOG] [Fast Refresh] done in 121ms @ http://localhost:3001/_next/static/chunks/node_modules_next_dist_1ybzpk2._.js:2477
[ 2712405ms] [INFO] %cDownload the React DevTools for a better development experience: https://react.dev/link/react-devtools font-weight:bold @ http://localhost:3001/_next/static/chunks/node_modules_next_dist_1ybzpk2._.js:2477
[ 2712415ms] [LOG] [HMR] connected @ http://localhost:3001/_next/static/chunks/node_modules_next_dist_1ybzpk2._.js:2477
[ 2712446ms] [ERROR] Failed to load resource: the server responded with a status of 503 (Service Unavailable) @ http://localhost:3001/api/stats:0
